<?xml version="1.0" encoding="UTF-8"?>
<testng-results skipped="0" failed="0" ignored="0" total="0" passed="0">
  <reporter-output>
  </reporter-output>
  <suite name="com.EndtoEndTest.Test" duration-ms="16" started-at="2023-04-07T18:31:06Z" finished-at="2023-04-07T18:31:06Z">
    <groups>
    </groups>
    <test name="Command line test" duration-ms="16" started-at="2023-04-07T18:31:06Z" finished-at="2023-04-07T18:31:06Z">
    </test> <!-- Command line test -->
  </suite> <!-- com.EndtoEndTest.Test -->
</testng-results>
